<?xml version="1.0" encoding="UTF-8"?>
<!-- Generated by org.testng.reporters.JUnitXMLReporter -->
<testsuite hostname="Hp-Komputer" ignored="0" name="Free CRM 2 App Test Cases" tests="13" failures="0" timestamp="28 lis 2018 21:01:42 GMT" time="241.102" errors="0">
  <testcase name="homePageTitleTest" time="0.039" classname="com.crm2.qa.testcases.HomePageTest"/>
  <testcase name="verifyContactsLinkTest" time="1.764" classname="com.crm2.qa.testcases.HomePageTest"/>
  <testcase name="verifyDealsLinkTest" time="1.677" classname="com.crm2.qa.testcases.HomePageTest"/>
  <testcase name="verifyUserNameTest" time="0.214" classname="com.crm2.qa.testcases.HomePageTest"/>
  <testcase name="crmLogoTest" time="0.071" classname="com.crm2.qa.testcases.LoginPageTest"/>
  <testcase name="loginPageTitleTest" time="0.054" classname="com.crm2.qa.testcases.LoginPageTest"/>
  <testcase name="loginTest" time="10.031" classname="com.crm2.qa.testcases.LoginPageTest"/>
  <testcase name="signUpLnk" time="8.381" classname="com.crm2.qa.testcases.LoginPageTest"/>
  <testcase name="newProductBtnTest" time="0.058" classname="com.crm2.qa.testcases.ProductPageTest"/>
  <testcase name="productsLabelTest" time="0.059" classname="com.crm2.qa.testcases.ProductPageTest"/>
  <testcase name="selectProductNameTest" time="0.833" classname="com.crm2.qa.testcases.ProductPageTest"/>
  <testcase name="validateCreateNewProductTest" time="13.278" classname="com.crm2.qa.testcases.ProductPageTest"/>
  <testcase name="validateCreateNewProductTest" time="12.979" classname="com.crm2.qa.testcases.ProductPageTest"/>
</testsuite> <!-- Free CRM 2 App Test Cases -->
