<?xml version="1.0" encoding="UTF-8"?>
<!-- Generated by org.testng.reporters.JUnitXMLReporter -->
<testsuite hostname="Hp-Komputer" ignored="0" name="Default test" tests="5" failures="0" timestamp="28 lis 2018 13:12:54 GMT" time="121.696" errors="0">
  <testcase name="newProductBtnTest" time="0.069" classname="com.crm2.qa.testcases.ProductPageTest"/>
  <testcase name="productsLabelTest" time="0.059" classname="com.crm2.qa.testcases.ProductPageTest"/>
  <testcase name="selectProductNameTest" time="0.794" classname="com.crm2.qa.testcases.ProductPageTest"/>
  <testcase name="validateCreateNewProductTest" time="11.879" classname="com.crm2.qa.testcases.ProductPageTest"/>
  <testcase name="validateCreateNewProductTest" time="11.865" classname="com.crm2.qa.testcases.ProductPageTest"/>
</testsuite> <!-- Default test -->
