<?xml version="1.0" encoding="UTF-8"?>
<testsuite xmlns:xsi="http://www.w3.org/2001/XMLSchema-instance" xsi:noNamespaceSchemaLocation="https://maven.apache.org/surefire/maven-surefire-plugin/xsd/surefire-test-report.xsd" name="TestSuite" time="242.188" tests="13" errors="0" skipped="0" failures="0">
  <properties>
[...]
</properties>
  <testcase name="homePageTitleTest" classname="com.crm2.qa.testcases.HomePageTest" time="0.039"/>
  <testcase name="verifyContactsLinkTest" classname="com.crm2.qa.testcases.HomePageTest" time="1.765"/>
  <testcase name="verifyDealsLinkTest" classname="com.crm2.qa.testcases.HomePageTest" time="1.677"/>
  <testcase name="verifyUserNameTest" classname="com.crm2.qa.testcases.HomePageTest" time="0.214"/>
  <testcase name="crmLogoTest" classname="com.crm2.qa.testcases.LoginPageTest" time="0.07"/>
  <testcase name="loginPageTitleTest" classname="com.crm2.qa.testcases.LoginPageTest" time="0.052"/>
  <testcase name="loginTest" classname="com.crm2.qa.testcases.LoginPageTest" time="10.03"/>
  <testcase name="signUpLnk" classname="com.crm2.qa.testcases.LoginPageTest" time="8.381"/>
  <testcase name="newProductBtnTest" classname="com.crm2.qa.testcases.ProductPageTest" time="0.057"/>
  <testcase name="productsLabelTest" classname="com.crm2.qa.testcases.ProductPageTest" time="0.059"/>
  <testcase name="selectProductNameTest" classname="com.crm2.qa.testcases.ProductPageTest" time="0.834"/>
  <testcase name="validateCreateNewProductTest" classname="com.crm2.qa.testcases.ProductPageTest" time="13.278"/>
  <testcase name="validateCreateNewProductTest" classname="com.crm2.qa.testcases.ProductPageTest" time="12.979"/>
</testsuite>