<?xml version="1.0" encoding="UTF-8"?>
<testng-results skipped="0" failed="0" ignored="0" total="13" passed="13">
  <reporter-output>
  </reporter-output>
  <suite name="FREE CRM 2 Automation Test Suite" duration-ms="248875" started-at="2018-11-28T16:52:57Z" finished-at="2018-11-28T16:57:06Z">
    <groups>
    </groups>
    <test name="Free CRM 2 App Test Cases" duration-ms="248875" started-at="2018-11-28T16:52:57Z" finished-at="2018-11-28T16:57:06Z">
      <class name="com.crm2.qa.testcases.LoginPageTest">
        <test-method status="PASS" signature="setUp()[pri:0, instance:com.crm2.qa.testcases.LoginPageTest@6e1567f1]" name="setUp" is-config="true" duration-ms="5999" started-at="2018-11-28T16:54:16Z" finished-at="2018-11-28T16:54:22Z">
          <reporter-output>
          </reporter-output>
        </test-method> <!-- setUp -->
        <test-method status="PASS" signature="crmLogoTest()[pri:0, instance:com.crm2.qa.testcases.LoginPageTest@6e1567f1]" name="crmLogoTest" duration-ms="62" started-at="2018-11-28T16:54:22Z" finished-at="2018-11-28T16:54:22Z">
          <reporter-output>
          </reporter-output>
        </test-method> <!-- crmLogoTest -->
        <test-method status="PASS" signature="tearDown()[pri:0, instance:com.crm2.qa.testcases.LoginPageTest@6e1567f1]" name="tearDown" is-config="true" duration-ms="638" started-at="2018-11-28T16:54:22Z" finished-at="2018-11-28T16:54:22Z">
          <reporter-output>
          </reporter-output>
        </test-method> <!-- tearDown -->
        <test-method status="PASS" signature="setUp()[pri:0, instance:com.crm2.qa.testcases.LoginPageTest@6e1567f1]" name="setUp" is-config="true" duration-ms="6281" started-at="2018-11-28T16:54:22Z" finished-at="2018-11-28T16:54:28Z">
          <reporter-output>
          </reporter-output>
        </test-method> <!-- setUp -->
        <test-method status="PASS" signature="loginPageTitleTest()[pri:0, instance:com.crm2.qa.testcases.LoginPageTest@6e1567f1]" name="loginPageTitleTest" duration-ms="13" started-at="2018-11-28T16:54:28Z" finished-at="2018-11-28T16:54:29Z">
          <reporter-output>
          </reporter-output>
        </test-method> <!-- loginPageTitleTest -->
        <test-method status="PASS" signature="tearDown()[pri:0, instance:com.crm2.qa.testcases.LoginPageTest@6e1567f1]" name="tearDown" is-config="true" duration-ms="640" started-at="2018-11-28T16:54:29Z" finished-at="2018-11-28T16:54:29Z">
          <reporter-output>
          </reporter-output>
        </test-method> <!-- tearDown -->
        <test-method status="PASS" signature="setUp()[pri:0, instance:com.crm2.qa.testcases.LoginPageTest@6e1567f1]" name="setUp" is-config="true" duration-ms="6416" started-at="2018-11-28T16:54:29Z" finished-at="2018-11-28T16:54:36Z">
          <reporter-output>
          </reporter-output>
        </test-method> <!-- setUp -->
        <test-method status="PASS" signature="loginTest()[pri:0, instance:com.crm2.qa.testcases.LoginPageTest@6e1567f1]" name="loginTest" duration-ms="9882" started-at="2018-11-28T16:54:36Z" finished-at="2018-11-28T16:54:45Z">
          <reporter-output>
          </reporter-output>
        </test-method> <!-- loginTest -->
        <test-method status="PASS" signature="tearDown()[pri:0, instance:com.crm2.qa.testcases.LoginPageTest@6e1567f1]" name="tearDown" is-config="true" duration-ms="680" started-at="2018-11-28T16:54:45Z" finished-at="2018-11-28T16:54:46Z">
          <reporter-output>
          </reporter-output>
        </test-method> <!-- tearDown -->
        <test-method status="PASS" signature="setUp()[pri:0, instance:com.crm2.qa.testcases.LoginPageTest@6e1567f1]" name="setUp" is-config="true" duration-ms="6093" started-at="2018-11-28T16:54:46Z" finished-at="2018-11-28T16:54:52Z">
          <reporter-output>
          </reporter-output>
        </test-method> <!-- setUp -->
        <test-method status="PASS" signature="signUpLnk()[pri:0, instance:com.crm2.qa.testcases.LoginPageTest@6e1567f1]" name="signUpLnk" duration-ms="8888" started-at="2018-11-28T16:54:52Z" finished-at="2018-11-28T16:55:01Z">
          <reporter-output>
          </reporter-output>
        </test-method> <!-- signUpLnk -->
        <test-method status="PASS" signature="tearDown()[pri:0, instance:com.crm2.qa.testcases.LoginPageTest@6e1567f1]" name="tearDown" is-config="true" duration-ms="678" started-at="2018-11-28T16:55:01Z" finished-at="2018-11-28T16:55:02Z">
          <reporter-output>
          </reporter-output>
        </test-method> <!-- tearDown -->
      </class> <!-- com.crm2.qa.testcases.LoginPageTest -->
      <class name="com.crm2.qa.testcases.ProductPageTest">
        <test-method status="PASS" signature="setUp()[pri:0, instance:com.crm2.qa.testcases.ProductPageTest@5cb9f472]" name="setUp" is-config="true" duration-ms="20710" started-at="2018-11-28T16:55:02Z" finished-at="2018-11-28T16:55:23Z">
          <reporter-output>
          </reporter-output>
        </test-method> <!-- setUp -->
        <test-method status="PASS" signature="newProductBtnTest()[pri:0, instance:com.crm2.qa.testcases.ProductPageTest@5cb9f472]" name="newProductBtnTest" duration-ms="57" started-at="2018-11-28T16:55:23Z" finished-at="2018-11-28T16:55:23Z">
          <reporter-output>
          </reporter-output>
        </test-method> <!-- newProductBtnTest -->
        <test-method status="PASS" signature="tearDown()[pri:0, instance:com.crm2.qa.testcases.ProductPageTest@5cb9f472]" name="tearDown" is-config="true" duration-ms="671" started-at="2018-11-28T16:55:23Z" finished-at="2018-11-28T16:55:23Z">
          <reporter-output>
          </reporter-output>
        </test-method> <!-- tearDown -->
        <test-method status="PASS" signature="setUp()[pri:0, instance:com.crm2.qa.testcases.ProductPageTest@5cb9f472]" name="setUp" is-config="true" duration-ms="18046" started-at="2018-11-28T16:55:23Z" finished-at="2018-11-28T16:55:41Z">
          <reporter-output>
          </reporter-output>
        </test-method> <!-- setUp -->
        <test-method status="PASS" signature="productsLabelTest()[pri:0, instance:com.crm2.qa.testcases.ProductPageTest@5cb9f472]" name="productsLabelTest" duration-ms="54" started-at="2018-11-28T16:55:41Z" finished-at="2018-11-28T16:55:41Z">
          <reporter-output>
          </reporter-output>
        </test-method> <!-- productsLabelTest -->
        <test-method status="PASS" signature="tearDown()[pri:0, instance:com.crm2.qa.testcases.ProductPageTest@5cb9f472]" name="tearDown" is-config="true" duration-ms="651" started-at="2018-11-28T16:55:41Z" finished-at="2018-11-28T16:55:42Z">
          <reporter-output>
          </reporter-output>
        </test-method> <!-- tearDown -->
        <test-method status="PASS" signature="setUp()[pri:0, instance:com.crm2.qa.testcases.ProductPageTest@5cb9f472]" name="setUp" is-config="true" duration-ms="17504" started-at="2018-11-28T16:55:42Z" finished-at="2018-11-28T16:55:59Z">
          <reporter-output>
          </reporter-output>
        </test-method> <!-- setUp -->
        <test-method status="PASS" signature="selectProductNameTest()[pri:0, instance:com.crm2.qa.testcases.ProductPageTest@5cb9f472]" name="selectProductNameTest" duration-ms="843" started-at="2018-11-28T16:55:59Z" finished-at="2018-11-28T16:56:00Z">
          <reporter-output>
          </reporter-output>
        </test-method> <!-- selectProductNameTest -->
        <test-method status="PASS" signature="tearDown()[pri:0, instance:com.crm2.qa.testcases.ProductPageTest@5cb9f472]" name="tearDown" is-config="true" duration-ms="669" started-at="2018-11-28T16:56:00Z" finished-at="2018-11-28T16:56:01Z">
          <reporter-output>
          </reporter-output>
        </test-method> <!-- tearDown -->
        <test-method status="PASS" signature="setUp()[pri:0, instance:com.crm2.qa.testcases.ProductPageTest@5cb9f472]" name="setUp" is-config="true" duration-ms="18063" started-at="2018-11-28T16:56:02Z" finished-at="2018-11-28T16:56:20Z">
          <reporter-output>
          </reporter-output>
        </test-method> <!-- setUp -->
        <test-method status="PASS" signature="validateCreateNewProductTest(java.lang.String, java.lang.String, java.lang.String, java.lang.String, java.lang.String, java.lang.String)[pri:1, instance:com.crm2.qa.testcases.ProductPageTest@5cb9f472]" name="validateCreateNewProductTest" duration-ms="13408" started-at="2018-11-28T16:56:20Z" data-provider="getCrm2TestData" finished-at="2018-11-28T16:56:33Z">
          <params>
            <param index="0">
              <value>
                <![CDATA[ball]]>
              </value>
            </param>
            <param index="1">
              <value>
                <![CDATA[3.0]]>
              </value>
            </param>
            <param index="2">
              <value>
                <![CDATA[7.0]]>
              </value>
            </param>
            <param index="3">
              <value>
                <![CDATA[5.0]]>
              </value>
            </param>
            <param index="4">
              <value>
                <![CDATA[1001]]>
              </value>
            </param>
            <param index="5">
              <value>
                <![CDATA[rubber ball 30 ]]>
              </value>
            </param>
          </params>
          <reporter-output>
          </reporter-output>
        </test-method> <!-- validateCreateNewProductTest -->
        <test-method status="PASS" signature="tearDown()[pri:0, instance:com.crm2.qa.testcases.ProductPageTest@5cb9f472]" name="tearDown" is-config="true" duration-ms="670" started-at="2018-11-28T16:56:33Z" finished-at="2018-11-28T16:56:34Z">
          <reporter-output>
          </reporter-output>
        </test-method> <!-- tearDown -->
        <test-method status="PASS" signature="setUp()[pri:0, instance:com.crm2.qa.testcases.ProductPageTest@5cb9f472]" name="setUp" is-config="true" duration-ms="18312" started-at="2018-11-28T16:56:34Z" finished-at="2018-11-28T16:56:52Z">
          <reporter-output>
          </reporter-output>
        </test-method> <!-- setUp -->
        <test-method status="PASS" signature="validateCreateNewProductTest(java.lang.String, java.lang.String, java.lang.String, java.lang.String, java.lang.String, java.lang.String)[pri:1, instance:com.crm2.qa.testcases.ProductPageTest@5cb9f472]" name="validateCreateNewProductTest" duration-ms="12985" started-at="2018-11-28T16:56:52Z" data-provider="getCrm2TestData" finished-at="2018-11-28T16:57:05Z">
          <params>
            <param index="0">
              <value>
                <![CDATA[bat]]>
              </value>
            </param>
            <param index="1">
              <value>
                <![CDATA[7.0]]>
              </value>
            </param>
            <param index="2">
              <value>
                <![CDATA[12.0]]>
              </value>
            </param>
            <param index="3">
              <value>
                <![CDATA[10.0]]>
              </value>
            </param>
            <param index="4">
              <value>
                <![CDATA[1002]]>
              </value>
            </param>
            <param index="5">
              <value>
                <![CDATA[bat to hit the ball ]]>
              </value>
            </param>
          </params>
          <reporter-output>
          </reporter-output>
        </test-method> <!-- validateCreateNewProductTest -->
        <test-method status="PASS" signature="tearDown()[pri:0, instance:com.crm2.qa.testcases.ProductPageTest@5cb9f472]" name="tearDown" is-config="true" duration-ms="672" started-at="2018-11-28T16:57:05Z" finished-at="2018-11-28T16:57:06Z">
          <reporter-output>
          </reporter-output>
        </test-method> <!-- tearDown -->
      </class> <!-- com.crm2.qa.testcases.ProductPageTest -->
      <class name="com.crm2.qa.testcases.HomePageTest">
        <test-method status="PASS" signature="setUp()[pri:0, instance:com.crm2.qa.testcases.HomePageTest@59494225]" name="setUp" is-config="true" duration-ms="19082" started-at="2018-11-28T16:52:57Z" finished-at="2018-11-28T16:53:16Z">
          <reporter-output>
          </reporter-output>
        </test-method> <!-- setUp -->
        <test-method status="PASS" signature="homePageTitleTest()[pri:0, instance:com.crm2.qa.testcases.HomePageTest@59494225]" name="homePageTitleTest" duration-ms="40" started-at="2018-11-28T16:53:16Z" finished-at="2018-11-28T16:53:16Z">
          <reporter-output>
          </reporter-output>
        </test-method> <!-- homePageTitleTest -->
        <test-method status="PASS" signature="tearDown()[pri:0, instance:com.crm2.qa.testcases.HomePageTest@59494225]" name="tearDown" is-config="true" duration-ms="680" started-at="2018-11-28T16:53:16Z" finished-at="2018-11-28T16:53:17Z">
          <reporter-output>
          </reporter-output>
        </test-method> <!-- tearDown -->
        <test-method status="PASS" signature="setUp()[pri:0, instance:com.crm2.qa.testcases.HomePageTest@59494225]" name="setUp" is-config="true" duration-ms="15956" started-at="2018-11-28T16:53:17Z" finished-at="2018-11-28T16:53:33Z">
          <reporter-output>
          </reporter-output>
        </test-method> <!-- setUp -->
        <test-method status="PASS" signature="verifyContactsLinkTest()[pri:0, instance:com.crm2.qa.testcases.HomePageTest@59494225]" name="verifyContactsLinkTest" duration-ms="1851" started-at="2018-11-28T16:53:33Z" finished-at="2018-11-28T16:53:35Z">
          <reporter-output>
          </reporter-output>
        </test-method> <!-- verifyContactsLinkTest -->
        <test-method status="PASS" signature="tearDown()[pri:0, instance:com.crm2.qa.testcases.HomePageTest@59494225]" name="tearDown" is-config="true" duration-ms="657" started-at="2018-11-28T16:53:35Z" finished-at="2018-11-28T16:53:35Z">
          <reporter-output>
          </reporter-output>
        </test-method> <!-- tearDown -->
        <test-method status="PASS" signature="setUp()[pri:0, instance:com.crm2.qa.testcases.HomePageTest@59494225]" name="setUp" is-config="true" duration-ms="18103" started-at="2018-11-28T16:53:35Z" finished-at="2018-11-28T16:53:53Z">
          <reporter-output>
          </reporter-output>
        </test-method> <!-- setUp -->
        <test-method status="PASS" signature="verifyDealsLinkTest()[pri:0, instance:com.crm2.qa.testcases.HomePageTest@59494225]" name="verifyDealsLinkTest" duration-ms="1763" started-at="2018-11-28T16:53:53Z" finished-at="2018-11-28T16:53:55Z">
          <reporter-output>
          </reporter-output>
        </test-method> <!-- verifyDealsLinkTest -->
        <test-method status="PASS" signature="tearDown()[pri:0, instance:com.crm2.qa.testcases.HomePageTest@59494225]" name="tearDown" is-config="true" duration-ms="653" started-at="2018-11-28T16:53:55Z" finished-at="2018-11-28T16:53:56Z">
          <reporter-output>
          </reporter-output>
        </test-method> <!-- tearDown -->
        <test-method status="PASS" signature="setUp()[pri:0, instance:com.crm2.qa.testcases.HomePageTest@59494225]" name="setUp" is-config="true" duration-ms="18868" started-at="2018-11-28T16:53:56Z" finished-at="2018-11-28T16:54:15Z">
          <reporter-output>
          </reporter-output>
        </test-method> <!-- setUp -->
        <test-method status="PASS" signature="verifyUserNameTest()[pri:0, instance:com.crm2.qa.testcases.HomePageTest@59494225]" name="verifyUserNameTest" duration-ms="170" started-at="2018-11-28T16:54:15Z" finished-at="2018-11-28T16:54:15Z">
          <reporter-output>
          </reporter-output>
        </test-method> <!-- verifyUserNameTest -->
        <test-method status="PASS" signature="tearDown()[pri:0, instance:com.crm2.qa.testcases.HomePageTest@59494225]" name="tearDown" is-config="true" duration-ms="669" started-at="2018-11-28T16:54:15Z" finished-at="2018-11-28T16:54:16Z">
          <reporter-output>
          </reporter-output>
        </test-method> <!-- tearDown -->
      </class> <!-- com.crm2.qa.testcases.HomePageTest -->
    </test> <!-- Free CRM 2 App Test Cases -->
  </suite> <!-- FREE CRM 2 Automation Test Suite -->
</testng-results>
