<?xml version="1.0" encoding="UTF-8"?>
<!-- Generated by org.testng.reporters.JUnitXMLReporter -->
<testsuite hostname="Hp-Komputer" ignored="0" name="Free CRM 2 App Test Cases" tests="13" failures="0" timestamp="28 lis 2018 16:57:06 GMT" time="248.875" errors="0">
  <testcase name="homePageTitleTest" time="0.04" classname="com.crm2.qa.testcases.HomePageTest"/>
  <testcase name="verifyContactsLinkTest" time="1.851" classname="com.crm2.qa.testcases.HomePageTest"/>
  <testcase name="verifyDealsLinkTest" time="1.763" classname="com.crm2.qa.testcases.HomePageTest"/>
  <testcase name="verifyUserNameTest" time="0.17" classname="com.crm2.qa.testcases.HomePageTest"/>
  <testcase name="crmLogoTest" time="0.062" classname="com.crm2.qa.testcases.LoginPageTest"/>
  <testcase name="loginPageTitleTest" time="0.013" classname="com.crm2.qa.testcases.LoginPageTest"/>
  <testcase name="loginTest" time="9.882" classname="com.crm2.qa.testcases.LoginPageTest"/>
  <testcase name="signUpLnk" time="8.888" classname="com.crm2.qa.testcases.LoginPageTest"/>
  <testcase name="newProductBtnTest" time="0.057" classname="com.crm2.qa.testcases.ProductPageTest"/>
  <testcase name="productsLabelTest" time="0.054" classname="com.crm2.qa.testcases.ProductPageTest"/>
  <testcase name="selectProductNameTest" time="0.843" classname="com.crm2.qa.testcases.ProductPageTest"/>
  <testcase name="validateCreateNewProductTest" time="13.408" classname="com.crm2.qa.testcases.ProductPageTest"/>
  <testcase name="validateCreateNewProductTest" time="12.985" classname="com.crm2.qa.testcases.ProductPageTest"/>
</testsuite> <!-- Free CRM 2 App Test Cases -->
